<?xml version="1.0" encoding="UTF-8"?>
<!-- Generated by org.testng.reporters.JUnitXMLReporter -->
<testsuite ignored="0" hostname="BSTNQA7420001" failures="2" tests="3" name="Error Validation" time="22.977" errors="0" timestamp="2023-07-21T10:30:32 CDT">
  <testcase classname="BR.Tests.ErrorValidationsTest" name="loginPageErrorValidation" time="1.241">
    <skipped/>
  </testcase> <!-- loginPageErrorValidation -->
  <testcase classname="BR.Tests.ErrorValidationsTest" name="loginPageErrorValidation" time="1.745">
    <failure type="java.lang.AssertionError" message="expected [Incorrect email or password.] but found [Incorrect email password.]">
      <![CDATA[java.lang.AssertionError: expected [Incorrect email or password.] but found [Incorrect email password.]
at BR.Tests.ErrorValidationsTest.loginPageErrorValidation(ErrorValidationsTest.java:36)
at java.base/java.util.ArrayList.forEach(ArrayList.java:1511)
at java.base/java.util.concurrent.FutureTask.run(FutureTask.java:317)
at java.base/java.util.concurrent.ThreadPoolExecutor.runWorker(ThreadPoolExecutor.java:1144)
at java.base/java.util.concurrent.ThreadPoolExecutor$Worker.run(ThreadPoolExecutor.java:642)
at java.base/java.lang.Thread.run(Thread.java:1623)
... Removed 21 stack frames]]>
    </failure>
  </testcase> <!-- loginPageErrorValidation -->
  <testcase classname="BR.Tests.ErrorValidationsTest" name="productErrorValidation" time="5.422">
    <failure type="java.lang.AssertionError" message="expected [false] but found [true]">
      <![CDATA[java.lang.AssertionError: expected [false] but found [true]
at BR.Tests.ErrorValidationsTest.productErrorValidation(ErrorValidationsTest.java:54)
at java.base/java.util.ArrayList.forEach(ArrayList.java:1511)
at java.base/java.util.concurrent.FutureTask.run(FutureTask.java:317)
at java.base/java.util.concurrent.ThreadPoolExecutor.runWorker(ThreadPoolExecutor.java:1144)
at java.base/java.util.concurrent.ThreadPoolExecutor$Worker.run(ThreadPoolExecutor.java:642)
at java.base/java.lang.Thread.run(Thread.java:1623)
... Removed 19 stack frames]]>
    </failure>
  </testcase> <!-- productErrorValidation -->
</testsuite> <!-- Error Validation -->
